2024-01-16 22:40:20 [INFO][com.wth.cloudstorage.CloudStorageApplication][logStarting][55]-> Starting CloudStorageApplication using Java 1.8.0_131 on LAPTOP-OAS58JDR with PID 101412 (D:\workspace\cloud-storage\target\classes started by 29977 in D:\workspace\cloud-storage)
2024-01-16 22:40:20 [INFO][com.wth.cloudstorage.CloudStorageApplication][logStartupProfileInfo][639]-> The following profiles are active: dev
2024-01-16 22:40:20 [WARN][org.mybatis.spring.mapper.ClassPathMapperScanner][doScan][166]-> No MyBatis mapper was found in '[com.wth.cloudstorage]' package. Please check your configuration.
2024-01-16 22:40:20 [INFO][org.springframework.data.repository.config.RepositoryConfigurationDelegate][multipleStoresDetected][262]-> Multiple Spring Data modules found, entering strict repository configuration mode!
2024-01-16 22:40:20 [INFO][org.springframework.data.repository.config.RepositoryConfigurationDelegate][registerRepositoriesIn][132]-> Bootstrapping Spring Data Redis repositories in DEFAULT mode.
2024-01-16 22:40:20 [INFO][org.springframework.data.repository.config.RepositoryConfigurationDelegate][registerRepositoriesIn][201]-> Finished Spring Data repository scanning in 3 ms. Found 0 Redis repository interfaces.
2024-01-16 22:40:21 [INFO][org.springframework.boot.web.embedded.tomcat.TomcatWebServer][initialize][108]-> Tomcat initialized with port(s): 7090 (http)
2024-01-16 22:40:21 [INFO][org.apache.coyote.http11.Http11NioProtocol][log][173]-> Initializing ProtocolHandler ["http-nio-7090"]
2024-01-16 22:40:21 [INFO][org.apache.catalina.core.StandardService][log][173]-> Starting service [Tomcat]
2024-01-16 22:40:21 [INFO][org.apache.catalina.core.StandardEngine][log][173]-> Starting Servlet engine: [Apache Tomcat/9.0.55]
2024-01-16 22:40:21 [INFO][org.apache.catalina.core.ContainerBase.[Tomcat].[localhost].[/api]][log][173]-> Initializing Spring embedded WebApplicationContext
2024-01-16 22:40:21 [INFO][org.springframework.boot.web.servlet.context.ServletWebServerApplicationContext][prepareWebApplicationContext][290]-> Root WebApplicationContext: initialization completed in 944 ms
2024-01-16 22:40:21 [INFO][org.apache.coyote.http11.Http11NioProtocol][log][173]-> Starting ProtocolHandler ["http-nio-7090"]
2024-01-16 22:40:21 [INFO][org.springframework.boot.web.embedded.tomcat.TomcatWebServer][start][220]-> Tomcat started on port(s): 7090 (http) with context path '/api'
2024-01-16 22:40:21 [INFO][com.wth.cloudstorage.CloudStorageApplication][logStarted][61]-> Started CloudStorageApplication in 2.186 seconds (JVM running for 3.585)
2024-01-16 22:40:40 [INFO][com.wth.cloudstorage.CloudStorageApplication][logStarting][55]-> Starting CloudStorageApplication using Java 1.8.0_131 on LAPTOP-OAS58JDR with PID 9004 (D:\workspace\cloud-storage\target\classes started by 29977 in D:\workspace\cloud-storage)
2024-01-16 22:40:40 [INFO][com.wth.cloudstorage.CloudStorageApplication][logStartupProfileInfo][639]-> The following profiles are active: dev
2024-01-16 22:40:40 [WARN][org.mybatis.spring.mapper.ClassPathMapperScanner][doScan][166]-> No MyBatis mapper was found in '[com.wth.cloudstorage]' package. Please check your configuration.
2024-01-16 22:40:40 [INFO][org.springframework.data.repository.config.RepositoryConfigurationDelegate][multipleStoresDetected][262]-> Multiple Spring Data modules found, entering strict repository configuration mode!
2024-01-16 22:40:40 [INFO][org.springframework.data.repository.config.RepositoryConfigurationDelegate][registerRepositoriesIn][132]-> Bootstrapping Spring Data Redis repositories in DEFAULT mode.
2024-01-16 22:40:40 [INFO][org.springframework.data.repository.config.RepositoryConfigurationDelegate][registerRepositoriesIn][201]-> Finished Spring Data repository scanning in 3 ms. Found 0 Redis repository interfaces.
2024-01-16 22:40:41 [INFO][org.springframework.boot.web.embedded.tomcat.TomcatWebServer][initialize][108]-> Tomcat initialized with port(s): 7090 (http)
2024-01-16 22:40:41 [INFO][org.apache.coyote.http11.Http11NioProtocol][log][173]-> Initializing ProtocolHandler ["http-nio-7090"]
2024-01-16 22:40:41 [INFO][org.apache.catalina.core.StandardService][log][173]-> Starting service [Tomcat]
2024-01-16 22:40:41 [INFO][org.apache.catalina.core.StandardEngine][log][173]-> Starting Servlet engine: [Apache Tomcat/9.0.55]
2024-01-16 22:40:41 [INFO][org.apache.catalina.core.ContainerBase.[Tomcat].[localhost].[/api]][log][173]-> Initializing Spring embedded WebApplicationContext
2024-01-16 22:40:41 [INFO][org.springframework.boot.web.servlet.context.ServletWebServerApplicationContext][prepareWebApplicationContext][290]-> Root WebApplicationContext: initialization completed in 969 ms
2024-01-16 22:40:42 [INFO][org.apache.coyote.http11.Http11NioProtocol][log][173]-> Starting ProtocolHandler ["http-nio-7090"]
2024-01-16 22:40:42 [INFO][org.springframework.boot.web.embedded.tomcat.TomcatWebServer][start][220]-> Tomcat started on port(s): 7090 (http) with context path '/api'
2024-01-16 22:40:42 [INFO][com.wth.cloudstorage.CloudStorageApplication][logStarted][61]-> Started CloudStorageApplication in 2.423 seconds (JVM running for 3.685)
2024-01-16 23:12:07 [INFO][com.wth.cloudstorage.CloudStorageApplication][logStarting][55]-> Starting CloudStorageApplication using Java 1.8.0_131 on LAPTOP-OAS58JDR with PID 97044 (D:\workspace\cloud-storage\target\classes started by 29977 in D:\workspace\cloud-storage)
2024-01-16 23:12:07 [INFO][com.wth.cloudstorage.CloudStorageApplication][logStartupProfileInfo][639]-> The following profiles are active: dev
2024-01-16 23:12:08 [WARN][org.mybatis.spring.mapper.ClassPathMapperScanner][doScan][166]-> No MyBatis mapper was found in '[com.wth.cloudstorage]' package. Please check your configuration.
2024-01-16 23:12:08 [INFO][org.springframework.data.repository.config.RepositoryConfigurationDelegate][multipleStoresDetected][262]-> Multiple Spring Data modules found, entering strict repository configuration mode!
2024-01-16 23:12:08 [INFO][org.springframework.data.repository.config.RepositoryConfigurationDelegate][registerRepositoriesIn][132]-> Bootstrapping Spring Data Redis repositories in DEFAULT mode.
2024-01-16 23:12:08 [INFO][org.springframework.data.repository.config.RepositoryConfigurationDelegate][registerRepositoriesIn][201]-> Finished Spring Data repository scanning in 5 ms. Found 0 Redis repository interfaces.
2024-01-16 23:12:09 [INFO][org.springframework.boot.web.embedded.tomcat.TomcatWebServer][initialize][108]-> Tomcat initialized with port(s): 7090 (http)
2024-01-16 23:12:09 [INFO][org.apache.coyote.http11.Http11NioProtocol][log][173]-> Initializing ProtocolHandler ["http-nio-7090"]
2024-01-16 23:12:09 [INFO][org.apache.catalina.core.StandardService][log][173]-> Starting service [Tomcat]
2024-01-16 23:12:09 [INFO][org.apache.catalina.core.StandardEngine][log][173]-> Starting Servlet engine: [Apache Tomcat/9.0.55]
2024-01-16 23:12:09 [INFO][org.apache.catalina.core.ContainerBase.[Tomcat].[localhost].[/api]][log][173]-> Initializing Spring embedded WebApplicationContext
2024-01-16 23:12:09 [INFO][org.springframework.boot.web.servlet.context.ServletWebServerApplicationContext][prepareWebApplicationContext][290]-> Root WebApplicationContext: initialization completed in 1400 ms
2024-01-16 23:12:10 [INFO][org.apache.coyote.http11.Http11NioProtocol][log][173]-> Starting ProtocolHandler ["http-nio-7090"]
2024-01-16 23:12:10 [INFO][org.springframework.boot.web.embedded.tomcat.TomcatWebServer][start][220]-> Tomcat started on port(s): 7090 (http) with context path '/api'
2024-01-16 23:12:10 [INFO][com.wth.cloudstorage.CloudStorageApplication][logStarted][61]-> Started CloudStorageApplication in 3.184 seconds (JVM running for 5.353)
